running-key sweep over 15 verified candidate keytexts

  art_of_war           best -6.341  null
  beowulf              best -6.286  null
  bhagavad_gita        best -6.301  null
  confessions_aug      best -6.246  null
  dhammapada           best -6.117  null
  gilgamesh            best -6.275  null
  gold_bug_poe         best -6.14  null
  i_ching              best -6.258  null
  leaves_of_grass      best -6.152  null
  meditations          best -6.126  null
  prophet_gibran       best -6.048  null
  rubaiyat             best -6.104  null
  tao_te_ching         best -6.117  null
  walden               best -6.109  null
  zarathustra          best -6.231  null

=== SWEEP SUMMARY (best score per keytext; higher = closer to English) ===
English break ~ -5.0 or above; noise floor ~ -7.4; nothing here should clear -5.2.
    -6.048  prophet_gibran         null
    -6.104  rubaiyat               null
    -6.109  walden                 null
    -6.117  dhammapada             null
    -6.117  tao_te_ching           null
    -6.126  meditations            null
     -6.14  gold_bug_poe           null
    -6.152  leaves_of_grass        null
    -6.231  zarathustra            null
    -6.246  confessions_aug        null
    -6.258  i_ching                null
    -6.275  gilgamesh              null
    -6.286  beowulf                null
    -6.301  bhagavad_gita          null
    -6.341  art_of_war             null

0 texts produced an over-threshold hit (clean null across the corpus)
