55 pages, 11 texts. LONGEST consecutive word-length run vs shuffled control:
  page  0 words= 65  longest_run= 9  ctrl_ceiling=10
  page  1 words= 72  longest_run= 8  ctrl_ceiling=11
  page  2 words= 45  longest_run= 8  ctrl_ceiling= 9
  page  3 words= 50  longest_run= 9  ctrl_ceiling= 9
  page  4 words= 70  longest_run= 9  ctrl_ceiling= 9
  page  5 words= 66  longest_run=10  ctrl_ceiling= 9
  page  6 words= 48  longest_run= 8  ctrl_ceiling= 9
  page  7 words= 57  longest_run= 8  ctrl_ceiling=10
  page  8 words= 56  longest_run= 8  ctrl_ceiling=10
  page  9 words= 66  longest_run= 8  ctrl_ceiling=10
  page 10 words= 73  longest_run= 9  ctrl_ceiling= 9
  page 11 words= 62  longest_run= 8  ctrl_ceiling= 9
  page 12 words= 72  longest_run= 9  ctrl_ceiling=10
  page 13 words= 69  longest_run= 9  ctrl_ceiling=11
  page 14 words= 34  longest_run= 8  ctrl_ceiling=10
  page 15 words= 42  longest_run= 9  ctrl_ceiling= 9
  page 16 words= 69  longest_run= 8  ctrl_ceiling=10
  page 17 words= 79  longest_run= 8  ctrl_ceiling= 9
  page 18 words= 68  longest_run= 9  ctrl_ceiling=10
  page 19 words= 74  longest_run= 9  ctrl_ceiling=11
  page 20 words= 71  longest_run= 9  ctrl_ceiling=10
  page 21 words= 60  longest_run= 7  ctrl_ceiling= 9
  page 22 words= 32  longest_run= 9  ctrl_ceiling= 9
  page 23 words= 52  longest_run= 8  ctrl_ceiling= 9
  page 24 words= 73  longest_run= 9  ctrl_ceiling=10
  page 25 words= 66  longest_run= 9  ctrl_ceiling= 9
  page 26 words= 69  longest_run= 9  ctrl_ceiling= 9
  page 27 words= 57  longest_run= 9  ctrl_ceiling= 9
  page 28 words= 67  longest_run= 8  ctrl_ceiling= 8
  page 29 words= 79  longest_run= 8  ctrl_ceiling=10
  page 30 words= 67  longest_run= 8  ctrl_ceiling= 9
  page 31 words= 72  longest_run=10  ctrl_ceiling=10
  page 32 words= 26  longest_run= 8  ctrl_ceiling= 8
  page 33 words= 61  longest_run= 8  ctrl_ceiling= 9
  page 34 words= 71  longest_run= 8  ctrl_ceiling=12
  page 35 words= 71  longest_run= 9  ctrl_ceiling=10
  page 36 words= 58  longest_run= 9  ctrl_ceiling=10
  page 37 words= 60  longest_run= 9  ctrl_ceiling=12
  page 38 words= 53  longest_run= 8  ctrl_ceiling= 9
  page 39 words= 64  longest_run= 9  ctrl_ceiling=10
  page 40 words= 63  longest_run= 9  ctrl_ceiling=10
  page 41 words= 68  longest_run= 9  ctrl_ceiling= 9
  page 42 words= 68  longest_run= 8  ctrl_ceiling=12
  page 43 words= 69  longest_run= 9  ctrl_ceiling=11
  page 44 words= 65  longest_run= 9  ctrl_ceiling=12
  page 45 words= 70  longest_run= 8  ctrl_ceiling=11
  page 46 words= 71  longest_run=10  ctrl_ceiling=10
  page 47 words= 66  longest_run= 8  ctrl_ceiling=10
  page 48 words= 74  longest_run= 8  ctrl_ceiling=10
  page 49 words= 20  longest_run= 7  ctrl_ceiling=10
  page 50 words= 23  longest_run= 8  ctrl_ceiling= 8
  page 51 words= 70  longest_run= 7  ctrl_ceiling=11
  page 52 words= 46  longest_run=10  ctrl_ceiling=10
  page 53 words= 58  longest_run= 7  ctrl_ceiling= 9
  page 54 words= 19  longest_run= 9  ctrl_ceiling= 9

flagged pages: 0
NULL -- no page's word-length run exceeds chance for any referenced text.
