========================================================================
NUMERIC-KEYSTREAM skip-tolerant sweep  (Campaign XVIII / numeric_skip.py)
========================================================================
Pages: [0]..[54]  (55 pages)  |  max_len=277  |  ks_len=1176
Signs: {-1,+1}  |  Atbash: {0,1}  |  Offsets: [0, 1, 2, 3, 4]
Screen: len=50 beam_w=60 thr=-6.5  |  Confirm: beam_w=200 thr=-5.5
Null-max=-6.82  |  English solve ~-4.0 to -4.35  |  Threshold=-5.5

Building keystream catalog (ks_len=1176, fib=YES) ...
  874 keystreams built in 0.3s

    #  name                             best_screen   elapsed
------------------------------------------------------------
    0  primes                                -6.299       0.9s
    3  iter_totient_d2                       -5.986       4.0s  <== NOTABLE
    7  e_digits                              -5.914       7.8s  <== NOTABLE
   10  phi_pairs                             -5.998      10.6s  <== NOTABLE
   16  fib_0_1                               -5.858      15.1s  <== NOTABLE
   20  fib_0_5                               -5.961      19.8s  <== NOTABLE
   24  fib_0_9                               -5.945      23.3s  <== NOTABLE
   27  fib_0_12                              -5.988      26.1s  <== NOTABLE
   32  fib_0_17                              -5.988      31.1s  <== NOTABLE
   35  fib_0_20                              -5.945      34.0s  <== NOTABLE
   39  fib_0_24                              -5.961      37.9s  <== NOTABLE
   43  fib_0_28                              -5.858      42.3s  <== NOTABLE
   44  fib_1_0                               -5.858      43.5s  <== NOTABLE
   45  fib_1_1                               -5.858      44.4s  <== NOTABLE
   46  fib_1_2                               -5.858      45.2s  <== NOTABLE
   49  fib_1_5                               -5.957      47.9s  <== NOTABLE
   50  fib_1_6                               -6.051      49.0s
   52  fib_1_8                               -5.866      51.1s  <== NOTABLE
   54  fib_1_10                              -5.616      53.4s  <== NOTABLE
   72  fib_1_28                              -5.858      73.2s  <== NOTABLE
   80  fib_2_7                               -5.712      81.8s  <== NOTABLE
   83  fib_2_10                              -5.966      85.6s  <== NOTABLE
   91  fib_2_18                              -5.950      95.0s  <== NOTABLE
   96  fib_2_23                              -5.986     101.4s  <== NOTABLE
  100  fib_2_27                              -6.145     106.1s
  113  fib_3_11                              -5.906     119.9s  <== NOTABLE
  115  fib_3_13                              -5.983     122.0s  <== NOTABLE
  118  fib_3_16                              -5.922     125.6s  <== NOTABLE
  124  fib_3_22                              -5.995     132.9s  <== NOTABLE
  126  fib_3_24                              -5.712     135.6s  <== NOTABLE
  127  fib_3_25                              -5.957     136.7s  <== NOTABLE
  132  fib_4_1                               -5.957     143.7s  <== NOTABLE
  137  fib_4_6                               -5.922     149.0s  <== NOTABLE
  141  fib_4_10                              -5.986     153.0s  <== NOTABLE
  148  fib_4_17                              -5.571     160.6s  <== NOTABLE
  150  fib_4_19                              -5.906     162.5s  <== NOTABLE
  151  fib_4_20                              -5.924     163.7s  <== NOTABLE
  162  fib_5_2                               -5.712     177.6s  <== NOTABLE
  165  fib_5_5                               -5.961     181.5s  <== NOTABLE
  166  fib_5_6                               -5.957     182.5s  <== NOTABLE
  169  fib_5_9                               -5.964     185.2s  <== NOTABLE
  170  fib_5_10                              -5.961     186.4s  <== NOTABLE
  174  fib_5_14                              -5.924     190.9s  <== NOTABLE
  177  fib_5_17                              -5.829     194.5s  <== NOTABLE
  193  fib_6_4                               -5.986     212.0s  <== NOTABLE
  199  fib_6_10                              -5.922     218.4s  <== NOTABLE
  200  fib_6_11                              -5.957     219.1s  <== NOTABLE
  202  fib_6_13                              -5.995     221.1s  <== NOTABLE
  204  fib_6_15                              -5.782     224.4s  <== NOTABLE
  205  fib_6_16                              -5.997     225.1s  <== NOTABLE
  210  fib_6_21                              -5.964     230.5s  <== NOTABLE
  211  fib_6_22                              -5.939     231.2s  <== NOTABLE
  219  fib_7_1                               -5.866     239.6s  <== NOTABLE
  222  fib_7_4                               -5.995     243.1s  <== NOTABLE
  227  fib_7_9                               -5.934     248.9s  <== NOTABLE
  235  fib_7_17                              -5.829     258.7s  <== NOTABLE
  237  fib_7_19                              -5.983     261.3s  <== NOTABLE
  246  fib_7_28                              -5.782     272.5s  <== NOTABLE
  249  fib_8_2                               -5.964     276.1s  <== NOTABLE
  250  fib_8_3                               -5.906     278.2s  <== NOTABLE
  256  fib_8_9                               -5.866     285.3s  <== NOTABLE
  267  fib_8_20                              -5.571     297.3s  <== NOTABLE
  269  fib_8_22                              -5.782     300.1s  <== NOTABLE
  273  fib_8_26                              -5.712     304.9s  <== NOTABLE
  274  fib_8_27                              -5.986     306.4s  <== NOTABLE
  276  fib_9_0                               -5.945     309.1s  <== NOTABLE
  277  fib_9_1                               -5.571     310.1s  <== NOTABLE
  281  fib_9_5                               -5.924     316.3s  <== NOTABLE
  282  fib_9_6                               -5.782     317.9s  <== NOTABLE
  285  fib_9_9                               -5.945     320.9s  <== NOTABLE
  290  fib_9_14                              -5.964     326.6s  <== NOTABLE
  292  fib_9_16                              -5.934     328.8s  <== NOTABLE
  293  fib_9_17                              -5.866     329.8s  <== NOTABLE
  294  fib_9_18                              -5.985     330.9s  <== NOTABLE
  296  fib_9_20                              -5.945     332.9s  <== NOTABLE
  300  fib_9_24                              -6.162     338.0s
  308  fib_10_3                              -5.983     347.3s  <== NOTABLE
  311  fib_10_6                              -5.997     350.5s  <== NOTABLE
  312  fib_10_7                              -5.829     351.8s  <== NOTABLE
  320  fib_10_15                             -5.961     360.2s  <== NOTABLE
  321  fib_10_16                             -5.922     361.8s  <== NOTABLE
  326  fib_10_21                             -5.986     366.8s  <== NOTABLE
  331  fib_10_26                             -5.995     373.0s  <== NOTABLE
  343  fib_11_9                              -5.945     385.2s  <== NOTABLE
  348  fib_11_14                             -5.906     391.7s  <== NOTABLE
  350  fib_11_16                             -6.154     393.2s
  355  fib_11_21                             -5.712     398.4s  <== NOTABLE
  363  fib_12_0                              -5.988     406.3s  <== NOTABLE
  366  fib_12_3                              -5.866     409.3s  <== NOTABLE
  368  fib_12_5                              -5.829     411.8s  <== NOTABLE
  370  fib_12_7                              -5.829     414.1s  <== NOTABLE
  371  fib_12_8                              -5.571     414.9s  <== NOTABLE
  375  fib_12_12                             -5.988     418.8s  <== NOTABLE
  380  fib_12_17                             -5.988     423.9s  <== NOTABLE
  387  fib_12_24                             -5.988     430.3s  <== NOTABLE
  395  fib_13_3                              -5.922     438.1s  <== NOTABLE
  396  fib_13_4                              -5.571     438.8s  <== NOTABLE
  399  fib_13_7                              -5.997     441.5s  <== NOTABLE
  400  fib_13_8                              -6.157     442.6s
  408  fib_13_16                             -5.983     450.6s  <== NOTABLE
  411  fib_13_19                             -5.995     454.2s  <== NOTABLE
  417  fib_13_25                             -5.924     461.7s  <== NOTABLE
  425  fib_14_4                              -5.961     470.5s  <== NOTABLE
  429  fib_14_8                              -5.782     475.7s  <== NOTABLE
  440  fib_14_19                             -5.924     488.4s  <== NOTABLE
  444  fib_14_23                             -5.964     493.3s  <== NOTABLE
  446  fib_14_25                             -5.906     495.5s  <== NOTABLE
  450  fib_15_0                              -6.272     499.6s
  454  fib_15_4                              -5.906     504.0s  <== NOTABLE
  456  fib_15_6                              -5.964     506.4s  <== NOTABLE
  460  fib_15_10                             -5.924     511.8s  <== NOTABLE
  471  fib_15_21                             -5.782     524.6s  <== NOTABLE
  475  fib_15_25                             -5.961     529.5s  <== NOTABLE
  483  fib_16_4                              -5.924     538.8s  <== NOTABLE
  489  fib_16_10                             -5.995     546.6s  <== NOTABLE
  492  fib_16_13                             -5.983     550.1s  <== NOTABLE
  500  fib_16_21                             -6.157     558.9s
  501  fib_16_22                             -5.997     559.8s  <== NOTABLE
  504  fib_16_25                             -5.571     562.5s  <== NOTABLE
  505  fib_16_26                             -5.922     564.0s  <== NOTABLE
  508  fib_17_0                              -5.988     567.0s  <== NOTABLE
  513  fib_17_5                              -5.988     572.9s  <== NOTABLE
  520  fib_17_12                             -5.988     579.9s  <== NOTABLE
  525  fib_17_17                             -5.988     584.8s  <== NOTABLE
  529  fib_17_21                             -5.571     588.5s  <== NOTABLE
  530  fib_17_22                             -5.829     589.7s  <== NOTABLE
  532  fib_17_24                             -5.829     592.2s  <== NOTABLE
  534  fib_17_26                             -5.866     594.8s  <== NOTABLE
  545  fib_18_8                              -5.712     605.3s  <== NOTABLE
  550  fib_18_13                             -6.154     610.1s
  552  fib_18_15                             -5.906     612.6s  <== NOTABLE
  557  fib_18_20                             -5.945     618.9s  <== NOTABLE
  569  fib_19_3                              -5.995     631.3s  <== NOTABLE
  574  fib_19_8                              -5.986     637.9s  <== NOTABLE
  579  fib_19_13                             -5.922     643.1s  <== NOTABLE
  580  fib_19_14                             -5.961     644.4s  <== NOTABLE
  588  fib_19_22                             -5.829     652.5s  <== NOTABLE
  589  fib_19_23                             -5.997     653.4s  <== NOTABLE
  592  fib_19_26                             -5.983     657.3s  <== NOTABLE
  595  fib_20_0                              -5.945     660.4s  <== NOTABLE
  600  fib_20_5                              -6.162     667.4s
  604  fib_20_9                              -5.945     672.1s  <== NOTABLE
  606  fib_20_11                             -5.985     674.0s  <== NOTABLE
  607  fib_20_12                             -5.866     675.0s  <== NOTABLE
  608  fib_20_13                             -5.934     675.7s  <== NOTABLE
  610  fib_20_15                             -5.964     678.7s  <== NOTABLE
  615  fib_20_20                             -5.945     684.7s  <== NOTABLE
  618  fib_20_23                             -5.782     688.5s  <== NOTABLE
  619  fib_20_24                             -5.924     690.3s  <== NOTABLE
  623  fib_20_28                             -5.571     695.6s  <== NOTABLE
  626  fib_21_2                              -5.986     699.4s  <== NOTABLE
  627  fib_21_3                              -5.712     700.6s  <== NOTABLE
  631  fib_21_7                              -5.782     705.2s  <== NOTABLE
  633  fib_21_9                              -5.571     707.3s  <== NOTABLE
  644  fib_21_20                             -5.866     719.2s  <== NOTABLE
  650  fib_21_26                             -5.906     727.1s  <== NOTABLE
  651  fib_21_27                             -5.964     728.7s  <== NOTABLE
  654  fib_22_1                              -5.782     732.3s  <== NOTABLE
  663  fib_22_10                             -5.983     742.9s  <== NOTABLE
  665  fib_22_12                             -5.829     745.6s  <== NOTABLE
  673  fib_22_20                             -5.934     753.9s  <== NOTABLE
  678  fib_22_25                             -5.995     760.8s  <== NOTABLE
  681  fib_22_28                             -5.866     764.4s  <== NOTABLE
  689  fib_23_7                              -5.939     774.6s  <== NOTABLE
  690  fib_23_8                              -5.964     776.0s  <== NOTABLE
  695  fib_23_13                             -5.997     781.8s  <== NOTABLE
  696  fib_23_14                             -5.782     783.2s  <== NOTABLE
  698  fib_23_16                             -5.995     786.4s  <== NOTABLE
  700  fib_23_18                             -5.957     788.0s  <== NOTABLE
  701  fib_23_19                             -5.922     789.4s  <== NOTABLE
  707  fib_23_25                             -5.986     797.2s  <== NOTABLE
  723  fib_24_12                             -5.829     816.3s  <== NOTABLE
  726  fib_24_15                             -5.924     821.2s  <== NOTABLE
  730  fib_24_19                             -5.961     826.7s  <== NOTABLE
  731  fib_24_20                             -5.964     827.9s  <== NOTABLE
  734  fib_24_23                             -5.957     831.8s  <== NOTABLE
  735  fib_24_24                             -5.961     833.7s  <== NOTABLE
  738  fib_24_27                             -5.712     837.9s  <== NOTABLE
  749  fib_25_9                              -5.924     855.5s  <== NOTABLE
  750  fib_25_10                             -5.906     856.5s  <== NOTABLE
  752  fib_25_12                             -5.571     858.7s  <== NOTABLE
  759  fib_25_19                             -5.986     870.0s  <== NOTABLE
  763  fib_25_23                             -5.922     876.0s  <== NOTABLE
  768  fib_25_28                             -5.957     883.4s  <== NOTABLE
  773  fib_26_4                              -5.957     890.9s  <== NOTABLE
  774  fib_26_5                              -5.712     892.5s  <== NOTABLE
  776  fib_26_7                              -5.995     895.5s  <== NOTABLE
  782  fib_26_13                             -5.922     903.2s  <== NOTABLE
  785  fib_26_16                             -5.983     907.9s  <== NOTABLE
  787  fib_26_18                             -5.906     912.3s  <== NOTABLE
  800  fib_27_2                              -6.145     932.3s
  804  fib_27_6                              -5.986     936.8s  <== NOTABLE
  809  fib_27_11                             -5.950     944.4s  <== NOTABLE
  817  fib_27_19                             -5.966     955.7s  <== NOTABLE
  820  fib_27_22                             -5.712     959.8s  <== NOTABLE
  827  fib_28_0                              -5.858     967.6s  <== NOTABLE
  828  fib_28_1                              -5.858     969.0s  <== NOTABLE
  846  fib_28_19                             -5.616     992.7s  <== NOTABLE
  848  fib_28_21                             -5.866     995.5s  <== NOTABLE
  850  fib_28_23                             -6.051     998.5s
  851  fib_28_24                             -5.957     999.8s  <== NOTABLE
  854  fib_28_27                             -5.858    1003.4s  <== NOTABLE
  855  fib_28_28                             -5.858    1004.4s  <== NOTABLE
  873  mt_311                                -6.249    1034.4s

========================================================================
SUMMARY
========================================================================
Total keystreams tested : 874
Pages tested            : 55
Total elapsed           : 1034.4s
Best screen score seen  : -5.571  (via 'fib_4_17')
Hits above CONFIRM_THR=-5.5 : 0

Scale: English solve ~ -4.0 | CONFIRM threshold = -5.5 | null-max = -6.82

NO hits above confirm threshold.  Null result consistent with OTP-class.
  Best score -5.571 is in the noise band (-7.5 floor, null-max -6.82, no signal detected).
