loaded 41 texts; screen_thr=-6.0 conf_thr=-5.5 null-max=-6.82
page  0 (len 262)  best_screen=-5.959 via ('kjb_gospel_john.txt', -1, 1, 37144)  [  110s]
page  1 (len 266)  best_screen=-5.978 via ('mabinogion_vol2_guest_edwards_ed.txt', 1, 1, 10228)  [  217s]
page  2 (len 201)  best_screen=-6.044 via ('cicada_koans_and_lp_sections.txt', -1, 0, 1398)  [  315s]
page  3 (len 217)  best_screen=-5.915 via ('mabinogion_vol2_guest_edwards_ed.txt', -1, 1, 77536)  [  414s]
page  4 (len 261)  best_screen=-5.998 via ('agrippa_occult_philosophy_book2_1651jf.txt', -1, 0, 83090)  [  521s]
page  5 (len 263)  best_screen=-6.117 via ('poe_tales_vol2.txt', 1, 0, 307674)  [  640s]
page  6 (len 196)  best_screen=-6.011 via ('blavatsky_secret_doctrine_v1.txt', -1, 1, 299554)  [  754s]
page  7 (len 208)  best_screen=-6.020 via ('homer_odyssey_butler.txt', 1, 0, 374450)  [  859s]
page  8 (len 255)  best_screen=-6.083 via ('crowley_book_of_the_law_hermetic.txt', 1, 0, 225)  [  963s]
page  9 (len 268)  best_screen=-5.939 via ('cicada_koans_and_lp_sections.txt', 1, 0, 775)  [ 1066s]
page 10 (len 263)  best_screen=-6.152 via ('plato_republic_jowett.txt', -1, 1, 736875)  [ 1177s]
page 11 (len 273)  best_screen=-6.069 via ('levi_history_of_magic.txt', -1, 1, 86839)  [ 1272s]
page 12 (len 261)  best_screen=-6.046 via ('shakespeare_tempest.txt', 1, 1, 6722)  [ 1359s]
page 13 (len 272)  best_screen=-6.010 via ('kjb_revelation.txt', 1, 0, 37251)  [ 1442s]
page 14 (len 137)  best_screen=-6.033 via ('poe_tales_vol2.txt', 1, 0, 171675)  [ 1529s]
page 15 (len 159)  best_screen=-6.100 via ('blavatsky_secret_doctrine_v1.txt', -1, 0, 320770)  [ 1627s]
page 16 (len 267)  best_screen=-5.988 via ('agrippa_occult_philosophy_book3_1651jf.txt', 1, 1, 280791)  [ 1724s]
page 17 (len 273)  best_screen=-5.990 via ('mabinogion_vol2_guest_edwards_ed.txt', -1, 0, 137853)  [ 1810s]
page 18 (len 260)  best_screen=-5.973 via ('kjb_genesis.txt', -1, 0, 28074)  [ 1887s]
page 19 (len 271)  best_screen=-6.011 via ('mabinogion_vol1_guest_edwards_ed.txt', -1, 0, 104938)  [ 1963s]
page 20 (len 269)  best_screen=-6.219 via ('mabinogion_vol2_guest_edwards_ed.txt', -1, 0, 58487)  [ 2045s]
page 21 (len 273)  best_screen=-6.121 via ('crowley_book_of_the_law_hermetic.txt', 1, 1, 18015)  [ 2129s]
page 22 (len 131)  best_screen=-6.169 via ('lovecraft_charles_dexter_ward.txt', 1, 0, 176437)  [ 2231s]
page 23 (len 213)  best_screen=-6.095 via ('kjb_revelation.txt', -1, 0, 24806)  [ 2336s]
page 24 (len 270)  best_screen=-5.979 via ('emerson_essays_second_series.txt', 1, 0, 3010)  [ 2443s]
page 25 (len 273)  best_screen=-6.060 via ('lovecraft_mountains_madness.txt', 1, 1, 78403)  [ 2545s]
page 26 (len 265)  best_screen=-6.137 via ('plato_republic_jowett.txt', 1, 0, 693641)  [ 2647s]
page 27 (len 234)  best_screen=-5.970 via ('crowley_book_of_the_law_hermetic.txt', -1, 0, 12857)  [ 2748s]
page 28 (len 269)  best_screen=-6.069 via ('kjb_gospel_john.txt', -1, 1, 50085)  [ 2857s]
page 29 (len 277)  best_screen=-6.001 via ('emerson_essays_second_series.txt', -1, 1, 5666)  [ 2963s]
page 30 (len 263)  best_screen=-6.070 via ('crowley_book_of_the_law_hermetic.txt', -1, 0, 4008)  [ 3084s]
page 31 (len 269)  best_screen=-6.105 via ('lovecraft_mountains_madness.txt', -1, 1, 132980)  [ 3216s]
page 32 (len 121)  best_screen=-6.066 via ('shakespeare_tempest.txt', 1, 1, 81979)  [ 3327s]
page 33 (len 214)  best_screen=-6.027 via ('lovecraft_shunned_house.txt', 1, 1, 42914)  [ 3429s]
page 34 (len 261)  best_screen=-5.906 via ('blavatsky_secret_doctrine_v1.txt', -1, 1, 1157114)  [ 3534s]
page 35 (len 271)  best_screen=-6.168 via ('agrippa_occult_philosophy_book3_1651jf.txt', -1, 1, 329619)  [ 3638s]
page 36 (len 238)  best_screen=-6.026 via ('mabinogion_vol2_guest_edwards_ed.txt', -1, 0, 9551)  [ 3739s]
page 37 (len 228)  best_screen=-6.097 via ('dante_inferno_cary.txt', -1, 0, 77004)  [ 3845s]
page 38 (len 228)  best_screen=-6.088 via ('poe_complete_works.txt', 1, 1, 1503049)  [ 3950s]
page 39 (len 240)  best_screen=-6.123 via ('emerson_essays_second_series.txt', 1, 1, 85422)  [ 4053s]
page 40 (len 231)  best_screen=-5.907 via ('blavatsky_secret_doctrine_v1.txt', 1, 0, 91223)  [ 4154s]
page 41 (len 273)  best_screen=-6.021 via ('shakespeare_hamlet.txt', -1, 1, 55773)  [ 4257s]
page 42 (len 272)  best_screen=-6.180 via ('lovecraft_mountains_madness.txt', 1, 1, 28873)  [ 4362s]
page 43 (len 274)  best_screen=-6.129 via ('emerson_essays_second_series.txt', 1, 1, 15615)  [ 4463s]
page 44 (len 273)  best_screen=-6.004 via ('lovecraft_mountains_madness.txt', -1, 1, 56653)  [ 4560s]
page 45 (len 270)  best_screen=-6.098 via ('agrippa_occult_philosophy_book3_1651jf.txt', -1, 1, 258754)  [ 4660s]
page 46 (len 270)  best_screen=-5.960 via ('poe_complete_works.txt', -1, 1, 1587833)  [ 4764s]
page 47 (len 274)  best_screen=-6.140 via ('lovecraft_dunwich_horror.txt', 1, 1, 10426)  [ 4866s]
page 48 (len 271)  best_screen=-6.077 via ('agrippa_occult_philosophy_book3_1651jf.txt', 1, 1, 14616)  [196176s]
page 49 (len  66)  best_screen=-5.786 via ('levi_history_of_magic.txt', -1, 1, 749091)  [196267s]
page 50 (len  92)  best_screen=-6.057 via ('agrippa_occult_philosophy_book3_1651jf.txt', -1, 1, 288234)  [196352s]
page 51 (len 263)  best_screen=-6.040 via ('melville_moby_dick.txt', 1, 0, 866044)  [196433s]
page 52 (len 179)  best_screen=-5.957 via ('emerson_essays_second_series.txt', 1, 0, 215877)  [196520s]
page 53 (len 232)  best_screen=-5.983 via ('dante_inferno_cary.txt', -1, 0, 19870)  [196616s]
page 54 (len  76)  best_screen=-5.866 via ('lovecraft_call_of_cthulhu.txt', 1, 0, 17707)  [196704s]

DONE 196704s. total hits over conf_thr=-5.5: 0
NO hits above threshold in this run.
