page  0 (L=262) best=-6.909 via ('kw:THEPRIMESARESACRED', 1)  [   19s]
page  1 (L=266) best=-6.938 via ('kw:INSTAREMERGENCE', -1)  [   37s]
page  2 (L=201) best=-6.773 via ('kw:DIVINITY|atbash', 1)  [   46s]
page  3 (L=217) best=-6.830 via ('kw:PILGRIM', -1)  [   59s]
page  4 (L=261) best=-6.877 via ('kw:PRESERVE', 1)  [   81s]
page  5 (L=263) best=-6.910 via ('kw:WELCOME', 1)  [  105s]
page  6 (L=196) best=-6.798 via ('kw:SHADOWS', -1)  [  114s]
page  7 (L=208) best=-6.786 via ('kw:LIBERPRIMUS', -1)  [  125s]
page  8 (L=255) best=-6.914 via ('kw:THETOTIENTFUNCTIONISSACRED|atbash', -1)  [  146s]
page  9 (L=268) best=-6.871 via ('kw:KOAN', -1)  [  173s]
page 10 (L=263) best=-6.897 via ('kw:WITHIN|atbash', -1)  [  199s]
page 11 (L=273) best=-6.938 via ('kw:CIRCUMFERENCE|atbash', 1)  [  224s]
page 12 (L=261) best=-6.788 via ('kw:KOAN|atbash', 1)  [  247s]
page 13 (L=272) best=-6.907 via ('kw:PILGRIMAGE|atbash', -1)  [  271s]
page 14 (L=137) best=-6.724 via ('kw:ADHERE|atbash', 1)  [  272s]
page 15 (L=159) best=-6.767 via ('caesar:4|atbash', 1)  [  276s]
page 16 (L=267) best=-6.848 via ('kw:KOAN|atbash', -1)  [  304s]
page 17 (L=273) best=-6.934 via ('kw:INSTAR|atbash', -1)  [  331s]
page 18 (L=260) best=-6.764 via ('kw:WISDOM|atbash', -1)  [  356s]
page 19 (L=271) best=-6.942 via ('kw:EMERGENCE|atbash', -1)  [  390s]
page 20 (L=269) best=-6.958 via ('primes', -1)  [  416s]
page 21 (L=273) best=-6.903 via ('kw:KOAN|atbash', -1)  [  437s]
page 22 (L=131) best=-6.771 via ('kw:ADHERE|atbash', -1)  [  439s]
page 23 (L=213) best=-6.911 via ('kw:ENLIGHTENMENT', 1)  [  450s]
page 24 (L=270) best=-6.772 via ('kw:EPIPHANY|atbash', 1)  [  480s]
page 25 (L=273) best=-6.954 via ('kw:WITHIN|atbash', 1)  [  504s]
page 26 (L=265) best=-7.035 via ('kw:WELCOME|atbash', -1)  [  527s]
page 27 (L=234) best=-6.843 via ('kw:FINDTHETRUTH', 1)  [  547s]
page 28 (L=269) best=-6.807 via ('kw:SEEKWITHIN|atbash', 1)  [  576s]
page 29 (L=277) best=-6.803 via ('kw:FINDTHETRUTH', 1)  [  607s]
page 30 (L=263) best=-6.902 via ('phi_prime', 1)  [  630s]
page 31 (L=269) best=-6.939 via ('kw:TRUTH', 1)  [  652s]
page 32 (L=121) best=-6.777 via ('kw:FINDTHETRUTH|atbash', -1)  [  653s]
page 33 (L=214) best=-6.832 via ('kw:DISCOVER|atbash', -1)  [  663s]
page 34 (L=261) best=-6.849 via ('kw:THETOTIENTFUNCTIONISSACRED|atbash', 1)  [  686s]
page 35 (L=271) best=-6.908 via ('kw:AWAKENING|atbash', 1)  [  712s]
page 36 (L=238) best=-6.851 via ('kw:INSTAR|atbash', 1)  [  730s]
page 37 (L=228) best=-6.860 via ('kw:ADHERE|atbash', -1)  [  747s]
page 38 (L=228) best=-6.844 via ('kw:EPIPHANY|atbash', 1)  [  763s]
page 39 (L=240) best=-6.918 via ('primes', -1)  [  782s]
page 40 (L=231) best=-6.808 via ('kw:DIVINITY|atbash', 1)  [  798s]
page 41 (L=273) best=-6.888 via ('kw:ENLIGHTENMENT', -1)  [  824s]
page 42 (L=272) best=-6.879 via ('kw:SEEKWITHIN|atbash', 1)  [  850s]
page 43 (L=274) best=-6.919 via ('kw:LOSSOFDIVINITY|atbash', -1)  [  884s]
page 44 (L=273) best=-6.840 via ('kw:SACRIFICE|atbash', -1)  [  918s]
page 45 (L=270) best=-6.913 via ('kw:CIRCUMFERENCE|atbash', -1)  [  952s]
page 46 (L=270) best=-6.840 via ('kw:DISCOVER|atbash', -1)  [  985s]
page 47 (L=274) best=-6.943 via ('kw:AKOAN', 1)  [ 1018s]
page 48 (L=271) best=-6.909 via ('kw:DISCOVER', 1)  [ 1051s]
page 49 (L= 66) best=-6.334 via ('kw:WITHIN|atbash', -1)  [ 1052s]
page 50 (L= 92) best=-6.513 via ('kw:INSTAR|atbash', 1)  [ 1052s]
page 51 (L=263) best=-6.985 via ('kw:AWAKENING|atbash', 1)  [ 1088s]
page 52 (L=179) best=-6.923 via ('kw:DISCOVER|atbash', 1)  [ 1097s]
page 53 (L=232) best=-6.775 via ('kw:THEINSTAR', 1)  [ 1122s]
page 54 (L= 76) best=-6.582 via ('kw:SELFRELIANCE|atbash', 1)  [ 1122s]

DONE 1122s. GLOBAL best=-6.334 via (49, 'kw:WITHIN|atbash', -1)
hits over -5.5: 0  (English -4.3 | noise-max -6.82)
NULL -- no LP1-discipline keystream decodes any page skip-aware.
