loaded 9 texts; screen_thr=-6.0 conf_thr=-5.5 null-max=-6.82
page  0 (len 262)  best_screen=-6.242 via ('king_in_yellow.txt', -1, 0, 203911)  [    6s]
page  1 (len 266)  best_screen=-5.978 via ('mabinogion.txt', 1, 1, 126979)  [   12s]
page  2 (len 201)  best_screen=-6.304 via ('self_reliance.txt', -1, 0, 23703)  [   19s]
page  3 (len 217)  best_screen=-5.915 via ('mabinogion.txt', -1, 1, 194216)  [   27s]
page  4 (len 261)  best_screen=-6.116 via ('mabinogion.txt', 1, 0, 137912)  [   33s]
page  5 (len 263)  best_screen=-6.311 via ('king_in_yellow.txt', 1, 0, 187424)  [   39s]
page  6 (len 196)  best_screen=-6.033 via ('king_in_yellow.txt', -1, 0, 132767)  [   45s]
page  7 (len 208)  best_screen=-6.168 via ('mabinogion.txt', 1, 1, 354336)  [   52s]
page  8 (len 255)  best_screen=-6.083 via ('book_of_the_law.txt', 1, 0, 479)  [   58s]
page  9 (len 268)  best_screen=-6.068 via ('mabinogion.txt', 1, 1, 374098)  [   64s]
page 10 (len 263)  best_screen=-6.235 via ('king_in_yellow.txt', 1, 0, 288727)  [   70s]
page 11 (len 273)  best_screen=-6.212 via ('king_in_yellow.txt', -1, 1, 119513)  [   77s]
page 12 (len 261)  best_screen=-6.227 via ('mabinogion.txt', 1, 0, 126734)  [   83s]
page 13 (len 272)  best_screen=-6.317 via ('mabinogion.txt', -1, 1, 232946)  [   91s]
page 14 (len 137)  best_screen=-5.931 via ('runepoem_translit.txt', 1, 1, 1834)  [   98s]
page 15 (len 159)  best_screen=-6.070 via ('mabinogion.txt', 1, 0, 199006)  [  104s]
page 16 (len 267)  best_screen=-6.187 via ('solved_plaintext.txt', -1, 0, 6339)  [  111s]
page 17 (len 273)  best_screen=-6.253 via ('runepoem_oe.txt', 1, 1, 216)  [  117s]
page 18 (len 260)  best_screen=-6.154 via ('mabinogion.txt', -1, 0, 201445)  [  124s]
page 19 (len 271)  best_screen=-6.011 via ('mabinogion.txt', -1, 0, 114984)  [  130s]
page 20 (len 269)  best_screen=-6.302 via ('mabinogion.txt', -1, 0, 23590)  [  137s]
page 21 (len 273)  best_screen=-6.131 via ('book_of_the_law.txt', 1, 1, 18300)  [  143s]
page 22 (len 131)  best_screen=-6.280 via ('runepoem_oe.txt', -1, 1, 1456)  [  149s]
page 23 (len 213)  best_screen=-6.137 via ('mabinogion.txt', -1, 0, 63058)  [  155s]
page 24 (len 270)  best_screen=-6.210 via ('mabinogion.txt', 1, 0, 57831)  [  162s]
page 25 (len 273)  best_screen=-6.369 via ('runepoem_translit.txt', 1, 0, 453)  [  168s]
page 26 (len 265)  best_screen=-6.262 via ('self_reliance.txt', 1, 0, 18061)  [  174s]
page 27 (len 234)  best_screen=-5.970 via ('book_of_the_law.txt', -1, 0, 13135)  [  181s]
page 28 (len 269)  best_screen=-6.191 via ('runepoem_oe.txt', 1, 1, 682)  [  187s]
page 29 (len 277)  best_screen=-6.337 via ('agrippa.txt', 1, 0, 323)  [  193s]
page 30 (len 263)  best_screen=-6.070 via ('book_of_the_law.txt', -1, 0, 4267)  [  198s]
page 31 (len 269)  best_screen=-6.035 via ('king_in_yellow.txt', 1, 1, 116697)  [  204s]
page 32 (len 121)  best_screen=-5.882 via ('self_reliance.txt', 1, 1, 27170)  [  210s]
page 33 (len 214)  best_screen=-6.246 via ('self_reliance.txt', 1, 1, 7816)  [  217s]
page 34 (len 261)  best_screen=-5.909 via ('self_reliance.txt', 1, 1, 26989)  [  224s]
page 35 (len 271)  best_screen=-6.181 via ('runepoem_translit.txt', 1, 1, 1011)  [  231s]
page 36 (len 238)  best_screen=-6.283 via ('agrippa.txt', -1, 0, 1229)  [  238s]
page 37 (len 228)  best_screen=-6.170 via ('self_reliance.txt', -1, 0, 22226)  [  245s]
page 38 (len 228)  best_screen=-6.257 via ('agrippa.txt', -1, 0, 2472)  [  251s]
page 39 (len 240)  best_screen=-6.224 via ('king_in_yellow.txt', -1, 0, 277202)  [  257s]
page 40 (len 231)  best_screen=-6.239 via ('mabinogion.txt', 1, 0, 219274)  [  263s]
page 41 (len 273)  best_screen=-6.206 via ('book_of_the_law.txt', 1, 1, 12175)  [  269s]
page 42 (len 272)  best_screen=-6.326 via ('agrippa.txt', 1, 1, 1888)  [  275s]
page 43 (len 274)  best_screen=-6.141 via ('solved_plaintext.txt', -1, 1, 3776)  [  281s]
page 44 (len 273)  best_screen=-6.237 via ('runepoem_oe.txt', -1, 0, 1067)  [  287s]
page 45 (len 270)  best_screen=-6.260 via ('mabinogion.txt', 1, 0, 68717)  [  293s]
page 46 (len 270)  best_screen=-6.269 via ('king_in_yellow.txt', 1, 0, 152637)  [  300s]
page 47 (len 274)  best_screen=-6.271 via ('king_in_yellow.txt', 1, 1, 9599)  [  306s]
page 48 (len 271)  best_screen=-6.097 via ('king_in_yellow.txt', 1, 1, 115170)  [  313s]
page 49 (len  66)  best_screen=-6.031 via ('runepoem_translit.txt', 1, 0, 634)  [  318s]
page 50 (len  92)  best_screen=-6.247 via ('mabinogion.txt', 1, 1, 65308)  [  325s]
page 51 (len 263)  best_screen=-6.166 via ('mabinogion.txt', 1, 0, 269956)  [  331s]
page 52 (len 179)  best_screen=-6.268 via ('runepoem_translit.txt', -1, 0, 1489)  [  337s]
page 53 (len 232)  best_screen=-6.148 via ('self_reliance.txt', 1, 0, 38113)  [  343s]
page 54 (len  76)  best_screen=-5.897 via ('book_of_the_law.txt', -1, 0, 18536)  [  349s]

DONE 349s. total hits over conf_thr=-5.5: 0
NO hits above threshold in this run.
